<?xml version="1.0" encoding="UTF-8"?>
<!-- Generated by org.testng.reporters.JUnitXMLReporter -->
<testsuite ignored="5" hostname="TYSS-Praveen-G" failures="0" tests="1" name="Default test" time="5.48" errors="0" timestamp="2024-02-03T11:03:38 IST">
  <testcase classname="Regres.Regres" name="CreateUser" time="5.364"/>
  <testcase classname="Regres.Regres" name="singleResourceNotFound" time="0.0">
    <ignored/>
  </testcase> <!-- singleResourceNotFound -->
  <testcase classname="Regres.Regres" name="singleUser" time="0.0">
    <ignored/>
  </testcase> <!-- singleUser -->
  <testcase classname="Regres.Regres" name="listOfResources" time="0.0">
    <ignored/>
  </testcase> <!-- listOfResources -->
  <testcase classname="Regres.Regres" name="singleResource" time="0.0">
    <ignored/>
  </testcase> <!-- singleResource -->
  <testcase classname="Regres.Regres" name="SingleUserNotFound" time="0.0">
    <ignored/>
  </testcase> <!-- SingleUserNotFound -->
</testsuite> <!-- Default test -->
