<?xml version="1.0" encoding="UTF-8"?>
<testng-results ignored="0" total="1" passed="1" failed="0" skipped="0">
  <reporter-output>
  </reporter-output>
  <suite started-at="2024-02-03T11:03:32 IST" name="Default suite" finished-at="2024-02-03T11:03:38 IST" duration-ms="5480">
    <groups>
    </groups>
    <test started-at="2024-02-03T11:03:32 IST" name="Default test" finished-at="2024-02-03T11:03:38 IST" duration-ms="5480">
      <class name="Regres.Regres">
        <test-method signature="CreateUser()[pri:0, instance:Regres.Regres@5d0a1059]" started-at="2024-02-03T11:03:32 IST" name="CreateUser" finished-at="2024-02-03T11:03:38 IST" duration-ms="5364" status="PASS">
          <reporter-output>
          </reporter-output>
        </test-method> <!-- CreateUser -->
      </class> <!-- Regres.Regres -->
    </test> <!-- Default test -->
  </suite> <!-- Default suite -->
</testng-results>
